----------------------------------------------------------------
Wed Oct 02 10:10:26 CST 2024:
Booting Derby version The Apache Software Foundation - Apache Derby - 10.14.2.0 - (1828579): instance a816c00e-0192-4afe-3305-00006de79ea0 
on database directory memory:C:\Users\Christian\git\latest\.metadata\.plugins\com.cloveretl.gui.runtime\runtime-work\derby\rdb with class loader ParallelWebappClassLoader
  context: clover
  delegate: false
----------> Parent Classloader:
jdk.internal.loader.ClassLoaders$AppClassLoader@659e0bfd
 
Loaded from file:/C:/Users/Christian/git/latest/.metadata/.plugins/com.cloveretl.gui.runtime/runtime-deploy/webapps/clover/WEB-INF/lib/derby-10.14.2.0.jar
java.vendor=Eclipse Adoptium
java.runtime.version=17.0.8+7
user.dir=C:\Users\Christian\git\latest\.metadata\.plugins\com.cloveretl.gui.runtime\runtime-work\temp
os.name=Windows 11
os.arch=amd64
os.version=10.0
derby.system.home=C:\Users\Christian\git\latest\.metadata\.plugins\com.cloveretl.gui.runtime\runtime-work\derby
Database Class Loader started - derby.database.classpath=''
----------------------------------------------------------------
Wed Oct 02 10:10:30 CST 2024:
Booting Derby version The Apache Software Foundation - Apache Derby - 10.14.2.0 - (1828579): instance 062e42d2-0192-4afe-3305-00006de79ea0 
on database directory C:\Users\Christian\git\latest\.metadata\.plugins\com.cloveretl.gui.runtime\runtime-work\derby\databases\cloverDb103 with class loader ParallelWebappClassLoader
  context: clover
  delegate: false
----------> Parent Classloader:
jdk.internal.loader.ClassLoaders$AppClassLoader@659e0bfd
 
Loaded from file:/C:/Users/Christian/git/latest/.metadata/.plugins/com.cloveretl.gui.runtime/runtime-deploy/webapps/clover/WEB-INF/lib/derby-10.14.2.0.jar
java.vendor=Eclipse Adoptium
java.runtime.version=17.0.8+7
user.dir=C:\Users\Christian\git\latest\.metadata\.plugins\com.cloveretl.gui.runtime\runtime-work\temp
os.name=Windows 11
os.arch=amd64
os.version=10.0
derby.system.home=C:\Users\Christian\git\latest\.metadata\.plugins\com.cloveretl.gui.runtime\runtime-work\derby
Database Class Loader started - derby.database.classpath=''
----------------------------------------------------------------
Wed Oct 02 10:10:46 CST 2024:
Shutting down instance a816c00e-0192-4afe-3305-00006de79ea0 on database directory memory:C:\Users\Christian\git\latest\.metadata\.plugins\com.cloveretl.gui.runtime\runtime-work\derby\rdb with class loader ParallelWebappClassLoader
  context: clover
  delegate: false
----------> Parent Classloader:
jdk.internal.loader.ClassLoaders$AppClassLoader@659e0bfd
 
